2025/03/14 0:00:29
デバッグ
facebook_getAdSets(2025-01-12,2025-03-12)
2025/03/14 0:00:29
デバッグ
広告セット情報 取得開始
2025/03/14 0:00:31
デバッグ
facebook_writeFacebookAdsDataToSheet(広告セット, adsets, date_start,date_stop,adset_name,impressions,clicks,ctr,cpc,spend,actions, 2025-01-12, 2025-03-12)
2025/03/14 0:00:33
デバッグ
getFacebookAdsDataForCampaign(120215011623220125,date_start,date_stop,adset_name,impressions,clicks,ctr,cpc,spend,actions,2025-01-12,2025-03-12)
2025/03/14 0:00:35
デバッグ
getFacebookAdsDataForCampaign return: {}
2025/03/14 0:00:35
デバッグ
getFacebookAdsDataForCampaign(120215011623220125,date_start,date_stop,adset_name,impressions,clicks,ctr,cpc,spend,actions,2025-01-12,2025-03-12)
2025/03/14 0:00:35
デバッグ
getFacebookAdsDataForCampaign return: {}
2025/03/14 0:00:35
デバッグ
getFacebookAdsDataForCampaign(120215011391210125,date_start,date_stop,adset_name,impressions,clicks,ctr,cpc,spend,actions,2025-01-12,2025-03-12)
2025/03/14 0:00:36
デバッグ
getFacebookAdsDataForCampaign return: {}
2025/03/14 0:00:36
デバッグ
getFacebookAdsDataForCampaign(120214783097990125,date_start,date_stop,adset_name,impressions,clicks,ctr,cpc,spend,actions,2025-01-12,2025-03-12)
2025/03/14 0:00:37
デバッグ
getFacebookAdsDataForCampaign return: {}
2025/03/14 0:00:37
デバッグ
getFacebookAdsDataForCampaign(120214781815120125,date_start,date_stop,adset_name,impressions,clicks,ctr,cpc,spend,actions,2025-01-12,2025-03-12)
2025/03/14 0:00:38
デバッグ
getFacebookAdsDataForCampaign return: {}
2025/03/14 0:00:38
デバッグ
getFacebookAdsDataForCampaign(120214781815090125,date_start,date_stop,adset_name,impressions,clicks,ctr,cpc,spend,actions,2025-01-12,2025-03-12)
2025/03/14 0:00:39
デバッグ
getFacebookAdsDataForCampaign return: {}
2025/03/14 0:00:39
デバッグ
getFacebookAdsDataForCampaign(120214781815080125,date_start,date_stop,adset_name,impressions,clicks,ctr,cpc,spend,actions,2025-01-12,2025-03-12)
2025/03/14 0:00:40
デバッグ
getFacebookAdsDataForCampaign return: {}
2025/03/14 0:00:40
デバッグ
getFacebookAdsDataForCampaign(120214779926840125,date_start,date_stop,adset_name,impressions,clicks,ctr,cpc,spend,actions,2025-01-12,2025-03-12)
2025/03/14 0:00:41
デバッグ
getFacebookAdsDataForCampaign return: {}
2025/03/14 0:00:41
デバッグ
getFacebookAdsDataForCampaign(120213455522200125,date_start,date_stop,adset_name,impressions,clicks,ctr,cpc,spend,actions,2025-01-12,2025-03-12)
2025/03/14 0:00:42
デバッグ
getFacebookAdsDataForCampaign return: {}
2025/03/14 0:00:42
デバッグ
getFacebookAdsDataForCampaign(120213422353520125,date_start,date_stop,adset_name,impressions,clicks,ctr,cpc,spend,actions,2025-01-12,2025-03-12)
2025/03/14 0:00:43
デバッグ
getFacebookAdsDataForCampaign return: {}
2025/03/14 0:00:43
デバッグ
getFacebookAdsDataForCampaign(120213422243150125,date_start,date_stop,adset_name,impressions,clicks,ctr,cpc,spend,actions,2025-01-12,2025-03-12)
2025/03/14 0:00:44
デバッグ
getFacebookAdsDataForCampaign return: {}
2025/03/14 0:00:44
デバッグ
getFacebookAdsDataForCampaign(120213422141410125,date_start,date_stop,adset_name,impressions,clicks,ctr,cpc,spend,actions,2025-01-12,2025-03-12)
2025/03/14 0:00:45
デバッグ
getFacebookAdsDataForCampaign return: {}
2025/03/14 0:00:45
デバッグ
getFacebookAdsDataForCampaign(120213418903760125,date_start,date_stop,adset_name,impressions,clicks,ctr,cpc,spend,actions,2025-01-12,2025-03-12)
2025/03/14 0:00:46
デバッグ
getFacebookAdsDataForCampaign return: {}
2025/03/14 0:00:46
デバッグ
getFacebookAdsDataForCampaign(120212764689260125,date_start,date_stop,adset_name,impressions,clicks,ctr,cpc,spend,actions,2025-01-12,2025-03-12)
2025/03/14 0:00:47
デバッグ
getFacebookAdsDataForCampaign return: {}
2025/03/14 0:00:47
デバッグ
getFacebookAdsDataForCampaign(120212419919830125,date_start,date_stop,adset_name,impressions,clicks,ctr,cpc,spend,actions,2025-01-12,2025-03-12)
2025/03/14 0:00:47
デバッグ
getFacebookAdsDataForCampaign return: {}
2025/03/14 0:00:47
デバッグ
getFacebookAdsDataForCampaign(120212419885470125,date_start,date_stop,adset_name,impressions,clicks,ctr,cpc,spend,actions,2025-01-12,2025-03-12)
2025/03/14 0:00:48
デバッグ
getFacebookAdsDataForCampaign return: {}
2025/03/14 0:00:48
デバッグ
getFacebookAdsDataForCampaign(120212419859110125,date_start,date_stop,adset_name,impressions,clicks,ctr,cpc,spend,actions,2025-01-12,2025-03-12)
2025/03/14 0:00:49
デバッグ
getFacebookAdsDataForCampaign return: {}
2025/03/14 0:00:49
デバッグ
getFacebookAdsDataForCampaign(120212419741450125,date_start,date_stop,adset_name,impressions,clicks,ctr,cpc,spend,actions,2025-01-12,2025-03-12)
2025/03/14 0:00:50
デバッグ
getFacebookAdsDataForCampaign return: {}
2025/03/14 0:00:50
デバッグ
getFacebookAdsDataForCampaign(120212419510280125,date_start,date_stop,adset_name,impressions,clicks,ctr,cpc,spend,actions,2025-01-12,2025-03-12)
2025/03/14 0:00:51
デバッグ
getFacebookAdsDataForCampaign return: {}
2025/03/14 0:00:51
デバッグ
getFacebookAdsDataForCampaign(120212380536220125,date_start,date_stop,adset_name,impressions,clicks,ctr,cpc,spend,actions,2025-01-12,2025-03-12)
2025/03/14 0:00:52
デバッグ
getFacebookAdsDataForCampaign return: {}
2025/03/14 0:00:52
デバッグ
getFacebookAdsDataForCampaign(120209346467110125,date_start,date_stop,adset_name,impressions,clicks,ctr,cpc,spend,actions,2025-01-12,2025-03-12)
2025/03/14 0:00:53
デバッグ
getFacebookAdsDataForCampaign return: {}
2025/03/14 0:00:53
デバッグ
getFacebookAdsDataForCampaign(120209302565350125,date_start,date_stop,adset_name,impressions,clicks,ctr,cpc,spend,actions,2025-01-12,2025-03-12)
2025/03/14 0:00:54
デバッグ
getFacebookAdsDataForCampaign return: {}
2025/03/14 0:00:54
デバッグ
getFacebookAdsDataForCampaign(120209276827770125,date_start,date_stop,adset_name,impressions,clicks,ctr,cpc,spend,actions,2025-01-12,2025-03-12)
2025/03/14 0:00:55
デバッグ
getFacebookAdsDataForCampaign return: {}
2025/03/14 0:00:55
デバッグ
getFacebookAdsDataForCampaign(120209264468590125,date_start,date_stop,adset_name,impressions,clicks,ctr,cpc,spend,actions,2025-01-12,2025-03-12)
2025/03/14 0:00:56
デバッグ
getFacebookAdsDataForCampaign return: {}
2025/03/14 0:00:56
デバッグ
getFacebookAdsDataForCampaign(120208858015510125,date_start,date_stop,adset_name,impressions,clicks,ctr,cpc,spend,actions,2025-01-12,2025-03-12)
2025/03/14 0:00:56
デバッグ
getFacebookAdsDataForCampaign return: {}
2025/03/14 0:00:56
デバッグ
getFacebookAdsDataForCampaign(120208782027590125,date_start,date_stop,adset_name,impressions,clicks,ctr,cpc,spend,actions,2025-01-12,2025-03-12)
2025/03/14 0:00:57
デバッグ
getFacebookAdsDataForCampaign return: {}
2025/03/14 0:00:57
デバッグ
makeOperationReport()
2025/03/14 0:00:57
デバッグ
Spreadsheet ID: 1nEq5VYq19rySfPEMn-2fFflG9DE0iFe1mMHF49_6698
2025/03/14 0:01:04
デバッグ
運用レポートに広告セット情報を追記完了
2025/03/14 0:01:04
デバッグ
広告セット情報 取得完了